#
# There is insufficient memory for the Java Runtime Environment to continue.
# Native memory allocation (mmap) failed to map 132120576 bytes for G1 virtual space
# Possible reasons:
#   The system is out of physical RAM or swap space
#   The process is running with CompressedOops enabled, and the Java Heap may be blocking the growth of the native heap
# Possible solutions:
#   Reduce memory load on the system
#   Increase physical memory or swap space
#   Check if swap backing store is full
#   Decrease Java heap size (-Xmx/-Xms)
#   Decrease number of Java threads
#   Decrease Java thread stack sizes (-Xss)
#   Set larger code cache with -XX:ReservedCodeCacheSize=
#   JVM is running with Unscaled Compressed Oops mode in which the Java heap is
#     placed in the first 4GB address space. The Java Heap base address is the
#     maximum limit for the native heap growth. Please use -XX:HeapBaseMinAddress
#     to set the Java Heap base and to place the Java Heap above 4GB virtual address.
# This output file may be truncated or incomplete.
#
#  Out of Memory Error (os_windows.cpp:3548), pid=24748, tid=14604
#
# JRE version:  (17.0.5+8) (build )
# Java VM: OpenJDK 64-Bit Server VM (17.0.5+8, mixed mode, sharing, tiered, compressed oops, compressed class ptrs, g1 gc, windows-amd64)
# No core dump will be written. Minidumps are not enabled by default on client versions of Windows
#

---------------  S U M M A R Y ------------

Command Line: -Dfile.encoding=UTF-8 --module-path=D:\Java\Doctor_Management_System\com.amdocs.dms\bin;C:\Users\sapta\Downloads\ojdbc11.jar -XX:+ShowCodeDetailsInExceptionMessages -Djdk.module.main=Doctor_Management_Syetem Doctor_Management_Syetem/com.amdocs.dms.main.Login

Host: Intel(R) Core(TM) i7-10510U CPU @ 1.80GHz, 8 cores, 7G,  Windows 11 , 64 bit Build 22621 (10.0.22621.2361)
Time: Wed Oct 11 21:29:23 2023 India Standard Time elapsed time: 0.010324 seconds (0d 0h 0m 0s)

---------------  T H R E A D  ---------------

Current thread (0x0000018ab2d4c8f0):  JavaThread "Unknown thread" [_thread_in_vm, id=14604, stack(0x0000007646000000,0x0000007646100000)]

Stack: [0x0000007646000000,0x0000007646100000]
Native frames: (J=compiled Java code, j=interpreted, Vv=VM code, C=native code)
V  [jvm.dll+0x676b3a]
V  [jvm.dll+0x831444]
V  [jvm.dll+0x832bee]
V  [jvm.dll+0x833253]
V  [jvm.dll+0x244ce5]
V  [jvm.dll+0x673a49]
V  [jvm.dll+0x66811a]
V  [jvm.dll+0x303ceb]
V  [jvm.dll+0x30b1e6]
V  [jvm.dll+0x35adbe]
V  [jvm.dll+0x35afef]
V  [jvm.dll+0x2dab88]
V  [jvm.dll+0x2dbaf4]
V  [jvm.dll+0x803121]
V  [jvm.dll+0x368bb1]
V  [jvm.dll+0x7e265c]
V  [jvm.dll+0x3eb17f]
V  [jvm.dll+0x3eccc1]
C  [jli.dll+0x5267]
C  [ucrtbase.dll+0x29363]
C  [KERNEL32.DLL+0x1257d]
C  [ntdll.dll+0x5aa78]


---------------  P R O C E S S  ---------------

Threads class SMR info:
_java_thread_list=0x00007ffe24ed2f18, length=0, elements={
}

Java Threads: ( => current thread )

Other Threads:
  0x0000018ab2da86a0 GCTaskThread "GC Thread#0" [stack: 0x0000007646100000,0x0000007646200000] [id=3184]
  0x0000018ab2db9840 ConcurrentGCThread "G1 Main Marker" [stack: 0x0000007646200000,0x0000007646300000] [id=17204]
  0x0000018ab2dba250 ConcurrentGCThread "G1 Conc#0" [stack: 0x0000007646300000,0x0000007646400000] [id=13196]

[error occurred during error reporting (printing all threads), id 0xc0000005, EXCEPTION_ACCESS_VIOLATION (0xc0000005) at pc=0x00007ffe246ab617]

VM state: not at safepoint (not fully initialized)

VM Mutex/Monitor currently owned by a thread:  ([mutex/lock_event])
[0x0000018ab2d4a140] Heap_lock - owner thread: 0x0000018ab2d4c8f0

Heap address: 0x0000000082a00000, size: 2006 MB, Compressed Oops mode: 32-bit

CDS archive(s) mapped at: [0x0000000000000000-0x0000000000000000-0x0000000000000000), size 0, SharedBaseAddress: 0x0000000800000000, ArchiveRelocationMode: 0.
Narrow klass base: 0x0000000000000000, Narrow klass shift: 0, Narrow klass range: 0x0

GC Precious Log:
<Empty>

Heap:
 garbage-first heap   total 0K, used 0K [0x0000000082a00000, 0x0000000100000000)
  region size 1024K, 0 young (0K), 0 survivors (0K)

[error occurred during error reporting (printing heap information), id 0xc0000005, EXCEPTION_ACCESS_VIOLATION (0xc0000005) at pc=0x00007ffe24a8fcb9]

GC Heap History (0 events):
No events

Dll operation events (1 events):
Event: 0.007 Loaded shared library C:\Users\sapta\.p2\pool\plugins\org.eclipse.justj.openjdk.hotspot.jre.full.win32.x86_64_17.0.5.v20221102-0933\jre\bin\java.dll

Deoptimization events (0 events):
No events

Classes unloaded (0 events):
No events

Classes redefined (0 events):
No events

Internal exceptions (0 events):
No events

VM Operations (0 events):
No events

Events (0 events):
No events


Dynamic libraries:
0x00007ff679aa0000 - 0x00007ff679aae000 	C:\Users\sapta\.p2\pool\plugins\org.eclipse.justj.openjdk.hotspot.jre.full.win32.x86_64_17.0.5.v20221102-0933\jre\bin\javaw.exe
0x00007ffeb9350000 - 0x00007ffeb9567000 	C:\WINDOWS\SYSTEM32\ntdll.dll
0x00007ffeb83d0000 - 0x00007ffeb8494000 	C:\WINDOWS\System32\KERNEL32.DLL
0x00007ffeb6a20000 - 0x00007ffeb6dc6000 	C:\WINDOWS\System32\KERNELBASE.dll
0x00007ffeb6e40000 - 0x00007ffeb6f51000 	C:\WINDOWS\System32\ucrtbase.dll
0x00007ffea7860000 - 0x00007ffea7877000 	C:\Users\sapta\.p2\pool\plugins\org.eclipse.justj.openjdk.hotspot.jre.full.win32.x86_64_17.0.5.v20221102-0933\jre\bin\jli.dll
0x00007ffea7840000 - 0x00007ffea7859000 	C:\Users\sapta\.p2\pool\plugins\org.eclipse.justj.openjdk.hotspot.jre.full.win32.x86_64_17.0.5.v20221102-0933\jre\bin\VCRUNTIME140.dll
0x00007ffeb7f20000 - 0x00007ffeb80ce000 	C:\WINDOWS\System32\USER32.dll
0x00007ffeb6f60000 - 0x00007ffeb6f86000 	C:\WINDOWS\System32\win32u.dll
0x00007ffe9d5c0000 - 0x00007ffe9d853000 	C:\WINDOWS\WinSxS\amd64_microsoft.windows.common-controls_6595b64144ccf1df_6.0.22621.2361_none_2712ced57382f843\COMCTL32.dll
0x00007ffeb82c0000 - 0x00007ffeb82e9000 	C:\WINDOWS\System32\GDI32.dll
0x00007ffeb6f90000 - 0x00007ffeb70a8000 	C:\WINDOWS\System32\gdi32full.dll
0x00007ffeb80d0000 - 0x00007ffeb8177000 	C:\WINDOWS\System32\msvcrt.dll
0x00007ffeb66d0000 - 0x00007ffeb676a000 	C:\WINDOWS\System32\msvcp_win.dll
0x00007ffeb8870000 - 0x00007ffeb88a1000 	C:\WINDOWS\System32\IMM32.DLL
0x00007ffea7830000 - 0x00007ffea783c000 	C:\Users\sapta\.p2\pool\plugins\org.eclipse.justj.openjdk.hotspot.jre.full.win32.x86_64_17.0.5.v20221102-0933\jre\bin\vcruntime140_1.dll
0x00007ffea7790000 - 0x00007ffea7821000 	C:\Users\sapta\.p2\pool\plugins\org.eclipse.justj.openjdk.hotspot.jre.full.win32.x86_64_17.0.5.v20221102-0933\jre\bin\msvcp140.dll
0x00007ffe243c0000 - 0x00007ffe25004000 	C:\Users\sapta\.p2\pool\plugins\org.eclipse.justj.openjdk.hotspot.jre.full.win32.x86_64_17.0.5.v20221102-0933\jre\bin\server\jvm.dll
0x00007ffeb7df0000 - 0x00007ffeb7ea0000 	C:\WINDOWS\System32\ADVAPI32.dll
0x00007ffeb7d20000 - 0x00007ffeb7dc6000 	C:\WINDOWS\System32\sechost.dll
0x00007ffeb84a0000 - 0x00007ffeb85b7000 	C:\WINDOWS\System32\RPCRT4.dll
0x00007ffe8f7e0000 - 0x00007ffe8f7e9000 	C:\WINDOWS\SYSTEM32\WSOCK32.dll
0x00007ffeac530000 - 0x00007ffeac53a000 	C:\WINDOWS\SYSTEM32\VERSION.dll
0x00007ffe9f4f0000 - 0x00007ffe9f524000 	C:\WINDOWS\SYSTEM32\WINMM.dll
0x00007ffeb85c0000 - 0x00007ffeb8631000 	C:\WINDOWS\System32\WS2_32.dll
0x00007ffeb5800000 - 0x00007ffeb5818000 	C:\WINDOWS\SYSTEM32\kernel.appcore.dll
0x00007ffe84ad0000 - 0x00007ffe84ada000 	C:\Users\sapta\.p2\pool\plugins\org.eclipse.justj.openjdk.hotspot.jre.full.win32.x86_64_17.0.5.v20221102-0933\jre\bin\jimage.dll
0x00007ffeb0d40000 - 0x00007ffeb0f6e000 	C:\WINDOWS\SYSTEM32\DBGHELP.DLL
0x00007ffeb89b0000 - 0x00007ffeb8d3a000 	C:\WINDOWS\System32\combase.dll
0x00007ffeb82f0000 - 0x00007ffeb83c7000 	C:\WINDOWS\System32\OLEAUT32.dll
0x00007ffe9fd30000 - 0x00007ffe9fd62000 	C:\WINDOWS\SYSTEM32\dbgcore.DLL
0x00007ffeb6770000 - 0x00007ffeb67ea000 	C:\WINDOWS\System32\bcryptPrimitives.dll
0x00007ffe40ec0000 - 0x00007ffe40ee5000 	C:\Users\sapta\.p2\pool\plugins\org.eclipse.justj.openjdk.hotspot.jre.full.win32.x86_64_17.0.5.v20221102-0933\jre\bin\java.dll

dbghelp: loaded successfully - version: 4.0.5 - missing functions: none
symbol engine: initialized successfully - sym options: 0x614 - pdb path: .;C:\Users\sapta\.p2\pool\plugins\org.eclipse.justj.openjdk.hotspot.jre.full.win32.x86_64_17.0.5.v20221102-0933\jre\bin;C:\WINDOWS\SYSTEM32;C:\WINDOWS\WinSxS\amd64_microsoft.windows.common-controls_6595b64144ccf1df_6.0.22621.2361_none_2712ced57382f843;C:\Users\sapta\.p2\pool\plugins\org.eclipse.justj.openjdk.hotspot.jre.full.win32.x86_64_17.0.5.v20221102-0933\jre\bin\server

VM Arguments:
jvm_args: -Dfile.encoding=UTF-8 --module-path=D:\Java\Doctor_Management_System\com.amdocs.dms\bin;C:\Users\sapta\Downloads\ojdbc11.jar -XX:+ShowCodeDetailsInExceptionMessages -Djdk.module.main=Doctor_Management_Syetem 
java_command: Doctor_Management_Syetem/com.amdocs.dms.main.Login
java_class_path (initial): <not set>
Launcher Type: SUN_STANDARD

[Global flags]
     intx CICompilerCount                          = 4                                         {product} {ergonomic}
     uint ConcGCThreads                            = 2                                         {product} {ergonomic}
     uint G1ConcRefinementThreads                  = 8                                         {product} {ergonomic}
   size_t G1HeapRegionSize                         = 1048576                                   {product} {ergonomic}
    uintx GCDrainStackTargetSize                   = 64                                        {product} {ergonomic}
   size_t InitialHeapSize                          = 132120576                                 {product} {ergonomic}
   size_t MarkStackSize                            = 4194304                                   {product} {ergonomic}
   size_t MaxHeapSize                              = 2103443456                                {product} {ergonomic}
   size_t MinHeapDeltaBytes                        = 1048576                                   {product} {ergonomic}
   size_t MinHeapSize                              = 8388608                                   {product} {ergonomic}
    uintx NonNMethodCodeHeapSize                   = 5839372                                {pd product} {ergonomic}
    uintx NonProfiledCodeHeapSize                  = 122909434                              {pd product} {ergonomic}
    uintx ProfiledCodeHeapSize                     = 122909434                              {pd product} {ergonomic}
    uintx ReservedCodeCacheSize                    = 251658240                              {pd product} {ergonomic}
     bool SegmentedCodeCache                       = true                                      {product} {ergonomic}
     bool ShowCodeDetailsInExceptionMessages       = true                                   {manageable} {command line}
   size_t SoftMaxHeapSize                          = 2103443456                             {manageable} {ergonomic}
     bool UseCompressedClassPointers               = true                           {product lp64_product} {ergonomic}
     bool UseCompressedOops                        = true                           {product lp64_product} {ergonomic}
     bool UseG1GC                                  = true                                      {product} {ergonomic}
     bool UseLargePagesIndividualAllocation        = false                                  {pd product} {ergonomic}

Logging:
Log output configuration:
 #0: stdout all=warning uptime,level,tags
 #1: stderr all=off uptime,level,tags

Environment Variables:
PATH=C:/Users/sapta/.p2/pool/plugins/org.eclipse.justj.openjdk.hotspot.jre.full.win32.x86_64_17.0.5.v20221102-0933/jre/bin/server;C:/Users/sapta/.p2/pool/plugins/org.eclipse.justj.openjdk.hotspot.jre.full.win32.x86_64_17.0.5.v20221102-0933/jre/bin;D:\Databases1\bin;D:\WINDOWS.X64_213000_db_home\bin;C:\Program Files (x86)\VMware\VMware Player\bin\;C:\Program Files\Common Files\Oracle\Java\javapath;C:\Program Files (x86)\Common Files\Intel\Shared Files\fortran\bin\Intel64;C:\Program Files (x86)\Common Files\Intel\Shared Libraries\redist\intel64_win\mpirt;C:\Program Files (x86)\Common Files\Intel\Shared Libraries\redist\intel64_win\compiler;C:\Program Files\Eclipse Adoptium\jdk-17.0.5.8-hotspot\bin;C:\WINDOWS\system32;C:\WINDOWS;C:\WINDOWS\System32\Wbem;C:\WINDOWS\System32\WindowsPowerShell\v1.0\;C:\WINDOWS\System32\OpenSSH\;C:\Program Files\NVIDIA Corporation\NVIDIA NvDLISR;C:\Program Files (x86)\NVIDIA Corporation\PhysX\Common;C:\Program Files\nodejs\;C:\Program Files (x86)\Microsoft SQL Server\160\DTS\Binn\;C:\Program Files\Azure Data Studio\bin;C:\Program Files (x86)\Microsoft SQL Server\160\Tools\Binn\;C:\Program Files\Microsoft SQL Server\160\Tools\Binn\;C:\Program Files\Microsoft SQL Server\Client SDK\ODBC\170\Tools\Binn\;C:\Program Files\Microsoft SQL Server\160\DTS\Binn\;C:\Program Files\Microsoft SQL Server\110\Tools\Binn\;C:\Program Files\Git\cmd;C:\Program Files\Git\mingw64\bin;C:\Program Files\Git\usr\bin;C:\ProgramData\chocolatey\bin;C:\Program Files\PuTTY\;C:\Program Files\MySQL\MySQL Shell 8.0\bin\;C:\Users\sapta\AppData\Local\Programs\Python\Python311\Scripts\;C:\Users\sapta\AppData\Local\Programs\Python\Python311\;C:\Users\sapta\AppData\Local\Microsoft\WindowsApps;C:\Users\sapta\AppData\Local\Programs\Microsoft VS Code\bin;C:\Users\sapta\AppData\Roaming\npm;C:\Program Files\Azure Data Studio\bin;C:\Users\sapta\AppData\Local\.meteor;C:\Program Files\MongoDB\Server\3.4\bin;C:\Users\sapta\Downloads\platform-tools_r31.0.1-windows\platform-tools;;C:\WINDOWS\S
USERNAME=sapta
OS=Windows_NT
PROCESSOR_IDENTIFIER=Intel64 Family 6 Model 142 Stepping 12, GenuineIntel
TMP=C:\Users\sapta\AppData\Local\Temp
TEMP=C:\Users\sapta\AppData\Local\Temp



---------------  S Y S T E M  ---------------

OS:
 Windows 11 , 64 bit Build 22621 (10.0.22621.2361)
OS uptime: 2 days 19:44 hours

CPU: total 8 (initial active 8) (4 cores per cpu, 2 threads per core) family 6 model 142 stepping 12 microcode 0xde, cx8, cmov, fxsr, ht, mmx, 3dnowpref, sse, sse2, sse3, ssse3, sse4.1, sse4.2, popcnt, lzcnt, tsc, tscinvbit, avx, avx2, aes, erms, clmul, bmi1, bmi2, adx, fma, vzeroupper, clflush, clflushopt

Memory: 4k page, system-wide physical 8022M (745M free)
TotalPageFile size 20596M (AvailPageFile size 81M)
current process WorkingSet (physical memory assigned to process): 11M, peak: 11M
current process commit charge ("private bytes"): 60M, peak: 186M

vm_info: OpenJDK 64-Bit Server VM (17.0.5+8) for windows-amd64 JRE (17.0.5+8), built on Oct 19 2022 04:48:13 by "temurin" with MS VC++ 16.7 (VS2019)

END.
